<?xml version="1.0" encoding="UTF-8"?>
<testsuite name="com.kd.apps.AcceptanceTestSuite" time="5.68" tests="28" errors="0" skipped="0" failures="0">
  <properties>
    <property name="java.runtime.name" value="Java(TM) SE Runtime Environment"/>
    <property name="sun.boot.library.path" value="/Library/Java/JavaVirtualMachines/jdk1.8.0_45.jdk/Contents/Home/jre/lib"/>
    <property name="java.vm.version" value="25.45-b02"/>
    <property name="user.country.format" value="IN"/>
    <property name="gopherProxySet" value="false"/>
    <property name="java.vm.vendor" value="Oracle Corporation"/>
    <property name="java.vendor.url" value="http://java.oracle.com/"/>
    <property name="path.separator" value=":"/>
    <property name="guice.disable.misplaced.annotation.check" value="true"/>
    <property name="java.vm.name" value="Java HotSpot(TM) 64-Bit Server VM"/>
    <property name="file.encoding.pkg" value="sun.io"/>
    <property name="user.country" value="US"/>
    <property name="sun.java.launcher" value="SUN_STANDARD"/>
    <property name="sun.os.patch.level" value="unknown"/>
    <property name="java.vm.specification.name" value="Java Virtual Machine Specification"/>
    <property name="user.dir" value="/Users/pallavi/Documents/workspaces/practice/java/parent"/>
    <property name="java.runtime.version" value="1.8.0_45-b14"/>
    <property name="java.awt.graphicsenv" value="sun.awt.CGraphicsEnvironment"/>
    <property name="java.endorsed.dirs" value="/Library/Java/JavaVirtualMachines/jdk1.8.0_45.jdk/Contents/Home/jre/lib/endorsed"/>
    <property name="os.arch" value="x86_64"/>
    <property name="java.io.tmpdir" value="/var/folders/6c/ywyb5vn123sgf6kmr68n4c7w0000gn/T/"/>
    <property name="line.separator" value="&#10;"/>
    <property name="java.vm.specification.vendor" value="Oracle Corporation"/>
    <property name="os.name" value="Mac OS X"/>
    <property name="classworlds.conf" value="/Users/pallavi/Documents/installables/buildtools/maven/apache-maven-3.2.5/bin/m2.conf"/>
    <property name="sun.jnu.encoding" value="UTF-8"/>
    <property name="java.library.path" value="/Users/pallavi/Library/Java/Extensions:/Library/Java/Extensions:/Network/Library/Java/Extensions:/System/Library/Java/Extensions:/usr/lib/java:."/>
    <property name="java.specification.name" value="Java Platform API Specification"/>
    <property name="java.class.version" value="52.0"/>
    <property name="sun.management.compiler" value="HotSpot 64-Bit Tiered Compilers"/>
    <property name="os.version" value="10.11.1"/>
    <property name="http.nonProxyHosts" value="local|*.local|169.254/16|*.169.254/16|10.17.16.12|192.168.10.38"/>
    <property name="user.home" value="/Users/pallavi"/>
    <property name="user.timezone" value="Asia/Kolkata"/>
    <property name="java.awt.printerjob" value="sun.lwawt.macosx.CPrinterJob"/>
    <property name="java.specification.version" value="1.8"/>
    <property name="file.encoding" value="UTF-8"/>
    <property name="user.name" value="pallavi"/>
    <property name="java.class.path" value="/Users/pallavi/Documents/installables/buildtools/maven/apache-maven-3.2.5/boot/plexus-classworlds-2.5.2.jar"/>
    <property name="java.vm.specification.version" value="1.8"/>
    <property name="sun.arch.data.model" value="64"/>
    <property name="java.home" value="/Library/Java/JavaVirtualMachines/jdk1.8.0_45.jdk/Contents/Home/jre"/>
    <property name="sun.java.command" value="org.codehaus.plexus.classworlds.launcher.Launcher clean install"/>
    <property name="java.specification.vendor" value="Oracle Corporation"/>
    <property name="user.language" value="en"/>
    <property name="awt.toolkit" value="sun.lwawt.macosx.LWCToolkit"/>
    <property name="java.vm.info" value="mixed mode"/>
    <property name="java.version" value="1.8.0_45"/>
    <property name="java.ext.dirs" value="/Users/pallavi/Library/Java/Extensions:/Library/Java/JavaVirtualMachines/jdk1.8.0_45.jdk/Contents/Home/jre/lib/ext:/Library/Java/Extensions:/Network/Library/Java/Extensions:/System/Library/Java/Extensions:/usr/lib/java"/>
    <property name="sun.boot.class.path" value="/Library/Java/JavaVirtualMachines/jdk1.8.0_45.jdk/Contents/Home/jre/lib/resources.jar:/Library/Java/JavaVirtualMachines/jdk1.8.0_45.jdk/Contents/Home/jre/lib/rt.jar:/Library/Java/JavaVirtualMachines/jdk1.8.0_45.jdk/Contents/Home/jre/lib/sunrsasign.jar:/Library/Java/JavaVirtualMachines/jdk1.8.0_45.jdk/Contents/Home/jre/lib/jsse.jar:/Library/Java/JavaVirtualMachines/jdk1.8.0_45.jdk/Contents/Home/jre/lib/jce.jar:/Library/Java/JavaVirtualMachines/jdk1.8.0_45.jdk/Contents/Home/jre/lib/charsets.jar:/Library/Java/JavaVirtualMachines/jdk1.8.0_45.jdk/Contents/Home/jre/lib/jfr.jar:/Library/Java/JavaVirtualMachines/jdk1.8.0_45.jdk/Contents/Home/jre/classes"/>
    <property name="java.vendor" value="Oracle Corporation"/>
    <property name="maven.home" value="/Users/pallavi/Documents/installables/buildtools/maven/apache-maven-3.2.5"/>
    <property name="file.separator" value="/"/>
    <property name="java.vendor.url.bug" value="http://bugreport.sun.com/bugreport/"/>
    <property name="sun.cpu.endian" value="little"/>
    <property name="sun.io.unicode.encoding" value="UnicodeBig"/>
    <property name="socksNonProxyHosts" value="local|*.local|169.254/16|*.169.254/16|10.17.16.12|192.168.10.38"/>
    <property name="ftp.nonProxyHosts" value="local|*.local|169.254/16|*.169.254/16|10.17.16.12|192.168.10.38"/>
    <property name="sun.cpu.isalist" value=""/>
  </properties>
  <testcase name="BeforeStories" classname="java.lang.Object" time="0.107"/>
  <testcase name="Given RestFul api url for employee &apos;/employee&apos;" classname="com.kd.apps.steps.EmployeeSteps" time="0.181"/>
  <testcase name="When POST request is sent for create Employee" classname="com.kd.apps.steps.EmployeeSteps" time="3.959"/>
  <testcase name="Then Employee should be created" classname="com.kd.apps.steps.EmployeeSteps" time="0.015"/>
  <testcase name="And Status code should be 200" classname="com.kd.apps.steps.EmployeeSteps" time="0.05"/>
  <testcase name="Scenario: Create Employee" classname="Scenario: Create Employee" time="0.052"/>
  <testcase name="Given RestFul api url for employee" classname="com.kd.apps.steps.EmployeeSteps" time="0.004"/>
  <testcase name="When GET request is sent with unique employee id" classname="com.kd.apps.steps.EmployeeSteps" time="0.101"/>
  <testcase name="Then Employee record with given id should be fetched" classname="com.kd.apps.steps.EmployeeSteps" time="0.781"/>
  <testcase name="And Status code should be 200​" classname="com.kd.apps.steps.EmployeeSteps" time="0.004"/>
  <testcase name="Scenario: Read one Employee" classname="Scenario: Read one Employee" time="0.005"/>
  <testcase name="Given RestFul api url for employee​" classname="com.kd.apps.steps.EmployeeSteps" time="0.004"/>
  <testcase name="When GET all request is sent for Employee" classname="com.kd.apps.steps.EmployeeSteps" time="0.068"/>
  <testcase name="Then All Employee records should be fetched" classname="com.kd.apps.steps.EmployeeSteps" time="0.044"/>
  <testcase name="And Status code should be 200​​" classname="com.kd.apps.steps.EmployeeSteps" time="0.003"/>
  <testcase name="Scenario: Read all Employee" classname="Scenario: Read all Employee" time="0.004"/>
  <testcase name="Given RestFul api url for employee​​" classname="com.kd.apps.steps.EmployeeSteps" time="0.01"/>
  <testcase name="When PUT request is sent with unique employee id" classname="com.kd.apps.steps.EmployeeSteps" time="0.132"/>
  <testcase name="Then Employee record should be updated" classname="com.kd.apps.steps.EmployeeSteps" time="0.052"/>
  <testcase name="And Status code should be 200​​​" classname="com.kd.apps.steps.EmployeeSteps" time="0.004"/>
  <testcase name="Scenario: Update Employee" classname="Scenario: Update Employee" time="0.004"/>
  <testcase name="Given RestFul api url for employee​​​" classname="com.kd.apps.steps.EmployeeSteps" time="0.003"/>
  <testcase name="When DELETE request is sent with unique employee id" classname="com.kd.apps.steps.EmployeeSteps" time="0.061"/>
  <testcase name="Then Employee record with given id should be deleted" classname="com.kd.apps.steps.EmployeeSteps" time="0.003"/>
  <testcase name="And Status code should be 200​​​​" classname="com.kd.apps.steps.EmployeeSteps" time="0.004"/>
  <testcase name="Scenario: Delete Employee" classname="Scenario: Delete Employee" time="0.008"/>
  <testcase name="EmployeeTest.story" classname="EmployeeTest.story" time="0.016"/>
  <testcase name="AfterStories" classname="java.lang.Object" time="0.001"/>
</testsuite>